<?xml version="1.0" encoding="UTF-8"?>
<testsuite xmlns:xsi="http://www.w3.org/2001/XMLSchema-instance" xsi:noNamespaceSchemaLocation="https://maven.apache.org/surefire/maven-surefire-plugin/xsd/surefire-test-report.xsd" name="com.flipcart.sampleTest" time="0.001" tests="1" errors="0" skipped="0" failures="0">
  <properties>
    <property name="sun.desktop" value="windows"/>
    <property name="awt.toolkit" value="sun.awt.windows.WToolkit"/>
    <property name="file.encoding.pkg" value="sun.io"/>
    <property name="java.specification.version" value="1.8"/>
    <property name="sun.cpu.isalist" value="amd64"/>
    <property name="sun.jnu.encoding" value="Cp1252"/>
    <property name="java.class.path" value="C:\Users\DELL\webappflipcart\target\test-classes;C:\Users\DELL\webappflipcart\target\classes;C:\Users\DELL\.m2\repository\org\webjars\bowergithub\jcgueriaud\google-map\2.0.5p\google-map-2.0.5p.jar;C:\Users\DELL\.m2\repository\org\webjars\bowergithub\polymer\polymer\2.8.0\polymer-2.8.0.jar;C:\Users\DELL\.m2\repository\org\webjars\bowergithub\webcomponents\shadycss\1.9.1\shadycss-1.9.1.jar;C:\Users\DELL\.m2\repository\org\webjars\bowergithub\webcomponents\webcomponentsjs\2.0.0-beta.3\webcomponentsjs-2.0.0-beta.3.jar;C:\Users\DELL\.m2\repository\org\webjars\bowergithub\googlewebcomponents\google-apis\2.0.2\google-apis-2.0.2.jar;C:\Users\DELL\.m2\repository\org\webjars\bowergithub\polymerelements\iron-jsonp-library\2.1.0\iron-jsonp-library-2.1.0.jar;C:\Users\DELL\.m2\repository\org\webjars\bowergithub\polymerelements\iron-resizable-behavior\2.1.1\iron-resizable-behavior-2.1.1.jar;C:\Users\DELL\.m2\repository\org\webjars\bowergithub\polymerelements\iron-selector\2.1.0\iron-selector-2.1.0.jar;C:\Users\DELL\.m2\repository\org\testcontainers\mysql\1.16.2\mysql-1.16.2.jar;C:\Users\DELL\.m2\repository\org\testcontainers\jdbc\1.16.2\jdbc-1.16.2.jar;C:\Users\DELL\.m2\repository\org\testcontainers\database-commons\1.16.2\database-commons-1.16.2.jar;C:\Users\DELL\.m2\repository\org\testcontainers\testcontainers\1.16.2\testcontainers-1.16.2.jar;C:\Users\DELL\.m2\repository\org\slf4j\slf4j-api\1.7.32\slf4j-api-1.7.32.jar;C:\Users\DELL\.m2\repository\org\apache\commons\commons-compress\1.21\commons-compress-1.21.jar;C:\Users\DELL\.m2\repository\org\rnorth\duct-tape\duct-tape\1.0.8\duct-tape-1.0.8.jar;C:\Users\DELL\.m2\repository\org\jetbrains\annotations\17.0.0\annotations-17.0.0.jar;C:\Users\DELL\.m2\repository\com\github\docker-java\docker-java-api\3.2.12\docker-java-api-3.2.12.jar;C:\Users\DELL\.m2\repository\com\fasterxml\jackson\core\jackson-annotations\2.10.3\jackson-annotations-2.10.3.jar;C:\Users\DELL\.m2\repository\com\github\docker-java\docker-java-transport-zerodep\3.2.12\docker-java-transport-zerodep-3.2.12.jar;C:\Users\DELL\.m2\repository\com\github\docker-java\docker-java-transport\3.2.12\docker-java-transport-3.2.12.jar;C:\Users\DELL\.m2\repository\net\java\dev\jna\jna\5.8.0\jna-5.8.0.jar;C:\Users\DELL\.m2\repository\junit\junit\4.11\junit-4.11.jar;C:\Users\DELL\.m2\repository\org\hamcrest\hamcrest-core\1.3\hamcrest-core-1.3.jar;"/>
    <property name="java.vm.vendor" value="Oracle Corporation"/>
    <property name="sun.arch.data.model" value="64"/>
    <property name="user.variant" value=""/>
    <property name="java.vendor.url" value="http://java.oracle.com/"/>
    <property name="user.timezone" value="Asia/Calcutta"/>
    <property name="java.vm.specification.version" value="1.8"/>
    <property name="os.name" value="Windows 10"/>
    <property name="user.country" value="IN"/>
    <property name="sun.java.launcher" value="SUN_STANDARD"/>
    <property name="sun.boot.library.path" value="C:\Program Files\Java\jdk1.8.0_202\jre\bin"/>
    <property name="sun.java.command" value="C:\Users\DELL\AppData\Local\Temp\surefire8925141227984293843\surefirebooter3100126998459027161.jar C:\Users\DELL\AppData\Local\Temp\surefire8925141227984293843 2021-11-17T12-37-08_768-jvmRun1 surefire2448990110470221815tmp surefire_0455232240336680818tmp"/>
    <property name="surefire.test.class.path" value="C:\Users\DELL\webappflipcart\target\test-classes;C:\Users\DELL\webappflipcart\target\classes;C:\Users\DELL\.m2\repository\org\webjars\bowergithub\jcgueriaud\google-map\2.0.5p\google-map-2.0.5p.jar;C:\Users\DELL\.m2\repository\org\webjars\bowergithub\polymer\polymer\2.8.0\polymer-2.8.0.jar;C:\Users\DELL\.m2\repository\org\webjars\bowergithub\webcomponents\shadycss\1.9.1\shadycss-1.9.1.jar;C:\Users\DELL\.m2\repository\org\webjars\bowergithub\webcomponents\webcomponentsjs\2.0.0-beta.3\webcomponentsjs-2.0.0-beta.3.jar;C:\Users\DELL\.m2\repository\org\webjars\bowergithub\googlewebcomponents\google-apis\2.0.2\google-apis-2.0.2.jar;C:\Users\DELL\.m2\repository\org\webjars\bowergithub\polymerelements\iron-jsonp-library\2.1.0\iron-jsonp-library-2.1.0.jar;C:\Users\DELL\.m2\repository\org\webjars\bowergithub\polymerelements\iron-resizable-behavior\2.1.1\iron-resizable-behavior-2.1.1.jar;C:\Users\DELL\.m2\repository\org\webjars\bowergithub\polymerelements\iron-selector\2.1.0\iron-selector-2.1.0.jar;C:\Users\DELL\.m2\repository\org\testcontainers\mysql\1.16.2\mysql-1.16.2.jar;C:\Users\DELL\.m2\repository\org\testcontainers\jdbc\1.16.2\jdbc-1.16.2.jar;C:\Users\DELL\.m2\repository\org\testcontainers\database-commons\1.16.2\database-commons-1.16.2.jar;C:\Users\DELL\.m2\repository\org\testcontainers\testcontainers\1.16.2\testcontainers-1.16.2.jar;C:\Users\DELL\.m2\repository\org\slf4j\slf4j-api\1.7.32\slf4j-api-1.7.32.jar;C:\Users\DELL\.m2\repository\org\apache\commons\commons-compress\1.21\commons-compress-1.21.jar;C:\Users\DELL\.m2\repository\org\rnorth\duct-tape\duct-tape\1.0.8\duct-tape-1.0.8.jar;C:\Users\DELL\.m2\repository\org\jetbrains\annotations\17.0.0\annotations-17.0.0.jar;C:\Users\DELL\.m2\repository\com\github\docker-java\docker-java-api\3.2.12\docker-java-api-3.2.12.jar;C:\Users\DELL\.m2\repository\com\fasterxml\jackson\core\jackson-annotations\2.10.3\jackson-annotations-2.10.3.jar;C:\Users\DELL\.m2\repository\com\github\docker-java\docker-java-transport-zerodep\3.2.12\docker-java-transport-zerodep-3.2.12.jar;C:\Users\DELL\.m2\repository\com\github\docker-java\docker-java-transport\3.2.12\docker-java-transport-3.2.12.jar;C:\Users\DELL\.m2\repository\net\java\dev\jna\jna\5.8.0\jna-5.8.0.jar;C:\Users\DELL\.m2\repository\junit\junit\4.11\junit-4.11.jar;C:\Users\DELL\.m2\repository\org\hamcrest\hamcrest-core\1.3\hamcrest-core-1.3.jar;"/>
    <property name="sun.cpu.endian" value="little"/>
    <property name="user.home" value="C:\Users\DELL"/>
    <property name="user.language" value="en"/>
    <property name="java.specification.vendor" value="Oracle Corporation"/>
    <property name="java.home" value="C:\Program Files\Java\jdk1.8.0_202\jre"/>
    <property name="basedir" value="C:\Users\DELL\webappflipcart"/>
    <property name="file.separator" value="\"/>
    <property name="line.separator" value="&#10;"/>
    <property name="java.vm.specification.vendor" value="Oracle Corporation"/>
    <property name="java.specification.name" value="Java Platform API Specification"/>
    <property name="java.awt.graphicsenv" value="sun.awt.Win32GraphicsEnvironment"/>
    <property name="surefire.real.class.path" value="C:\Users\DELL\AppData\Local\Temp\surefire8925141227984293843\surefirebooter3100126998459027161.jar"/>
    <property name="sun.boot.class.path" value="C:\Program Files\Java\jdk1.8.0_202\jre\lib\resources.jar;C:\Program Files\Java\jdk1.8.0_202\jre\lib\rt.jar;C:\Program Files\Java\jdk1.8.0_202\jre\lib\sunrsasign.jar;C:\Program Files\Java\jdk1.8.0_202\jre\lib\jsse.jar;C:\Program Files\Java\jdk1.8.0_202\jre\lib\jce.jar;C:\Program Files\Java\jdk1.8.0_202\jre\lib\charsets.jar;C:\Program Files\Java\jdk1.8.0_202\jre\lib\jfr.jar;C:\Program Files\Java\jdk1.8.0_202\jre\classes"/>
    <property name="user.script" value=""/>
    <property name="sun.management.compiler" value="HotSpot 64-Bit Tiered Compilers"/>
    <property name="java.runtime.version" value="1.8.0_202-b08"/>
    <property name="user.name" value="DELL"/>
    <property name="path.separator" value=";"/>
    <property name="os.version" value="10.0"/>
    <property name="java.endorsed.dirs" value="C:\Program Files\Java\jdk1.8.0_202\jre\lib\endorsed"/>
    <property name="java.runtime.name" value="Java(TM) SE Runtime Environment"/>
    <property name="file.encoding" value="Cp1252"/>
    <property name="java.vm.name" value="Java HotSpot(TM) 64-Bit Server VM"/>
    <property name="localRepository" value="C:\Users\DELL\.m2\repository"/>
    <property name="java.vendor.url.bug" value="http://bugreport.sun.com/bugreport/"/>
    <property name="java.io.tmpdir" value="C:\Users\DELL\AppData\Local\Temp\"/>
    <property name="java.version" value="1.8.0_202"/>
    <property name="user.dir" value="C:\Users\DELL\webappflipcart"/>
    <property name="os.arch" value="amd64"/>
    <property name="java.vm.specification.name" value="Java Virtual Machine Specification"/>
    <property name="java.awt.printerjob" value="sun.awt.windows.WPrinterJob"/>
    <property name="sun.os.patch.level" value=""/>
    <property name="java.library.path" value="C:\Program Files\Java\jdk1.8.0_202\jre\bin;C:\Windows\Sun\Java\bin;C:\Windows\system32;C:\Windows;C:\Program Files (x86)\Common Files\Oracle\Java\javapath;C:\Users\DELL\Downloads\apache-maven-3.8.3-bin (1)\apache-maven-3.8.3\bin;C:\Program Files\Java\jdk1.8.0_202\bin;C:\Users\DELL\AppData\Local\Microsoft\WindowsApps;C:\Users\DELL\AppData\Local\GitHubDesktop\bin;."/>
    <property name="java.vm.info" value="mixed mode"/>
    <property name="java.vendor" value="Oracle Corporation"/>
    <property name="java.vm.version" value="25.202-b08"/>
    <property name="java.ext.dirs" value="C:\Program Files\Java\jdk1.8.0_202\jre\lib\ext;C:\Windows\Sun\Java\lib\ext"/>
    <property name="sun.io.unicode.encoding" value="UnicodeLittle"/>
    <property name="java.class.version" value="52.0"/>
  </properties>
  <testcase name="shouldAnswerWithTrue" classname="com.flipcart.sampleTest" time="0"/>
</testsuite>